<?xml version="1.0" encoding="UTF-8"?>
<testsuite name="petstore.Pet" tests="4" skipped="0" failures="0" errors="0" timestamp="2021-08-13T01:17:15" hostname="DESKTOP-TDQOEAD" time="6.84">
  <properties/>
  <testcase name="incluirPet" classname="petstore.Pet" time="3.78"/>
  <testcase name="consultarPet" classname="petstore.Pet" time="1.049"/>
  <testcase name="alterarPet" classname="petstore.Pet" time="1.0"/>
  <testcase name="excluirPet" classname="petstore.Pet" time="1.001"/>
  <system-out><![CDATA[Request method:	POST
Request URI:	https://petstore.swagger.io/v2/pet
Proxy:			<none>
Request params:	<none>
Query params:	<none>
Form params:	<none>
Path params:	<none>
Headers:		Accept=*/*
				Content-Type=application/json; charset=UTF-8
Cookies:		<none>
Multiparts:		<none>
Body:
{
    "id": 58952817895,
    "category": {
        "token": 5,
        "name": "dog"
    },
    "name": "Snoopy",
    "photoUrls": [
        "string"
    ],
    "tags": [
        {
            "id": 2021,
            "name": "sta"
        }
    ],
    "status": "available"
}
HTTP/1.1 200 OK
Date: Fri, 13 Aug 2021 01:17:20 GMT
Content-Type: application/json
Transfer-Encoding: chunked
Connection: keep-alive
Access-Control-Allow-Origin: *
Access-Control-Allow-Methods: GET, POST, DELETE, PUT
Access-Control-Allow-Headers: Content-Type, api_key, Authorization
Server: Jetty(9.2.9.v20150224)

{
    "id": 58952817895,
    "category": {
        "id": 0,
        "name": "dog"
    },
    "name": "Snoopy",
    "photoUrls": [
        "string"
    ],
    "tags": [
        {
            "id": 2021,
            "name": "sta"
        }
    ],
    "status": "available"
}
Request method:	GET
Request URI:	https://petstore.swagger.io/v2/pet/58952817895
Proxy:			<none>
Request params:	<none>
Query params:	<none>
Form params:	<none>
Path params:	<none>
Headers:		Accept=*/*
				Content-Type=application/json; charset=UTF-8
Cookies:		<none>
Multiparts:		<none>
Body:			<none>
HTTP/1.1 200 OK
Date: Fri, 13 Aug 2021 01:17:21 GMT
Content-Type: application/json
Transfer-Encoding: chunked
Connection: keep-alive
Access-Control-Allow-Origin: *
Access-Control-Allow-Methods: GET, POST, DELETE, PUT
Access-Control-Allow-Headers: Content-Type, api_key, Authorization
Server: Jetty(9.2.9.v20150224)

{
    "id": 58952817895,
    "category": {
        "id": 0,
        "name": "dog"
    },
    "name": "Snoopy",
    "photoUrls": [
        "string"
    ],
    "tags": [
        {
            "id": 2021,
            "name": "sta"
        }
    ],
    "status": "available"
}
O Token Ã©: dog
Request method:	PUT
Request URI:	https://petstore.swagger.io/v2/pet
Proxy:			<none>
Request params:	<none>
Query params:	<none>
Form params:	<none>
Path params:	<none>
Headers:		Accept=*/*
				Content-Type=application/json; charset=UTF-8
Cookies:		<none>
Multiparts:		<none>
Body:
{
    "id": 58952817895,
    "category": {
        "token": 5,
        "name": "dog"
    },
    "name": "Snoopy",
    "photoUrls": [
        "string"
    ],
    "tags": [
        {
            "id": 2021,
            "name": "sta"
        }
    ],
    "status": "sold"
}
HTTP/1.1 200 OK
Date: Fri, 13 Aug 2021 01:17:22 GMT
Content-Type: application/json
Transfer-Encoding: chunked
Connection: keep-alive
Access-Control-Allow-Origin: *
Access-Control-Allow-Methods: GET, POST, DELETE, PUT
Access-Control-Allow-Headers: Content-Type, api_key, Authorization
Server: Jetty(9.2.9.v20150224)

{
    "id": 58952817895,
    "category": {
        "id": 0,
        "name": "dog"
    },
    "name": "Snoopy",
    "photoUrls": [
        "string"
    ],
    "tags": [
        {
            "id": 2021,
            "name": "sta"
        }
    ],
    "status": "sold"
}
Request method:	DELETE
Request URI:	https://petstore.swagger.io/v2/pet/58952817895
Proxy:			<none>
Request params:	<none>
Query params:	<none>
Form params:	<none>
Path params:	<none>
Headers:		Accept=*/*
				Content-Type=application/jason; charset=ISO-8859-1
Cookies:		<none>
Multiparts:		<none>
Body:			<none>
HTTP/1.1 200 OK
Date: Fri, 13 Aug 2021 01:17:23 GMT
Content-Type: application/json
Transfer-Encoding: chunked
Connection: keep-alive
Access-Control-Allow-Origin: *
Access-Control-Allow-Methods: GET, POST, DELETE, PUT
Access-Control-Allow-Headers: Content-Type, api_key, Authorization
Server: Jetty(9.2.9.v20150224)

{
    "code": 200,
    "type": "unknown",
    "message": "58952817895"
}
]]></system-out>
  <system-err><![CDATA[]]></system-err>
</testsuite>
